18:44:05.894 [cluster-ClusterId{value='6903647f88b86d6f27ad4de4', description='null'}-localhost:27017] DEBUG org.mongodb.driver.cluster - Updating cluster description to  {type=STANDALONE, servers=[{address=localhost:27017, type=STANDALONE, roundTripTime=80.0 ms, state=CONNECTED}]
18:44:05.900 [cluster-rtt-ClusterId{value='6903647f88b86d6f27ad4de4', description='null'}-localhost:27017] DEBUG org.mongodb.driver.protocol.command - Sending command '{"hello": 1, "$db": "admin", "$readPreference": {"mode": "primaryPreferred"}}' with request id 8 to database admin on connection [connectionId{localValue:1, serverValue:176}] to server localhost:27017
18:44:05.901 [cluster-ClusterId{value='6903647f88b86d6f27ad4de4', description='null'}-localhost:27017] DEBUG org.mongodb.driver.cluster - Checking status of localhost:27017
18:44:05.903 [cluster-rtt-ClusterId{value='6903647f88b86d6f27ad4de4', description='null'}-localhost:27017] DEBUG org.mongodb.driver.protocol.command - Execution of command with request id 8 completed successfully in 5.28 ms on connection [connectionId{localValue:1, serverValue:176}] to server localhost:27017
18:44:10.179 [http-nio-8081-exec-1] INFO  o.a.c.c.C.[.[localhost].[/journal] - Initializing Spring DispatcherServlet 'dispatcherServlet'
18:44:10.179 [http-nio-8081-exec-1] INFO  o.s.web.servlet.DispatcherServlet - Initializing Servlet 'dispatcherServlet'
18:44:10.180 [http-nio-8081-exec-1] DEBUG o.s.web.servlet.DispatcherServlet - Detected StandardServletMultipartResolver
18:44:10.180 [http-nio-8081-exec-1] DEBUG o.s.web.servlet.DispatcherServlet - Detected AcceptHeaderLocaleResolver
18:44:10.182 [http-nio-8081-exec-1] DEBUG o.s.web.servlet.DispatcherServlet - Detected FixedThemeResolver
18:44:10.186 [http-nio-8081-exec-1] DEBUG o.s.web.servlet.DispatcherServlet - Detected org.springframework.web.servlet.view.DefaultRequestToViewNameTranslator@7ada1d66
18:44:10.186 [http-nio-8081-exec-1] DEBUG o.s.web.servlet.DispatcherServlet - Detected org.springframework.web.servlet.support.SessionFlashMapManager@251163a9
18:44:10.186 [http-nio-8081-exec-1] DEBUG o.s.web.servlet.DispatcherServlet - enableLoggingRequestDetails='false': request parameters and headers will be masked to prevent unsafe logging of potentially sensitive data
18:44:10.187 [http-nio-8081-exec-1] INFO  o.s.web.servlet.DispatcherServlet - Completed initialization in 7 ms
18:44:10.216 [http-nio-8081-exec-1] DEBUG o.s.security.web.FilterChainProxy - Securing POST /public/create-user
18:44:10.224 [http-nio-8081-exec-1] DEBUG o.s.s.w.c.SecurityContextPersistenceFilter - Set SecurityContextHolder to empty SecurityContext
18:44:10.233 [http-nio-8081-exec-1] DEBUG o.s.s.w.a.AnonymousAuthenticationFilter - Set SecurityContextHolder to anonymous SecurityContext
18:44:10.234 [http-nio-8081-exec-1] DEBUG o.s.s.w.s.SessionManagementFilter - Request requested invalid session id 272F439A178E1A949A28EC2D21142EDD
18:44:10.252 [http-nio-8081-exec-1] DEBUG o.s.s.w.a.i.FilterSecurityInterceptor - Authorized filter invocation [POST /public/create-user] with attributes [permitAll]
18:44:10.252 [http-nio-8081-exec-1] DEBUG o.s.security.web.FilterChainProxy - Secured POST /public/create-user
18:44:10.259 [http-nio-8081-exec-1] DEBUG o.s.web.servlet.DispatcherServlet - POST "/journal/public/create-user", parameters={}
18:44:10.339 [http-nio-8081-exec-1] DEBUG o.s.w.s.m.m.a.RequestMappingHandlerMapping - Mapped to com.edigest.jourmalApp.controller.PublicController#createUser(User)
18:44:10.718 [http-nio-8081-exec-1] DEBUG o.s.w.s.m.m.a.RequestResponseBodyMethodProcessor - Read "application/json;charset=UTF-8" to [User(id=null, username=om, password=om, journalEntries=null, roles=null)]
18:44:11.073 [http-nio-8081-exec-1] DEBUG o.s.data.mongodb.core.MongoTemplate - Inserting Document containing fields: [username, password, roles, _class] in collection: users
18:44:11.140 [http-nio-8081-exec-1] DEBUG org.mongodb.driver.operation - retryWrites set to true but the server is a standalone server.
18:44:11.213 [http-nio-8081-exec-1] DEBUG org.mongodb.driver.protocol.command - Sending command '{"insert": "users", "ordered": true, "$db": "journaldb", "lsid": {"id": {"$binary": {"base64": "DrSTI+9rRsyIFnobJoyQVw==", "subType": "04"}}}, "documents": [{"_id": {"$oid": "690364a388b86d6f27ad4de5"}, "username": "om", "password": "$2a$10$hTidi8c7o6dheHW1I3L9sebsTkz6rWGOZhWwR8ZOmUxiQEqfI4mPu", "roles": ["USER"], "_class": "com.edigest.jourmalApp.entity.User"}]}' with request id 9 to database journaldb on connection [connectionId{localValue:3, serverValue:177}] to server localhost:27017
18:44:11.233 [http-nio-8081-exec-1] DEBUG org.mongodb.driver.protocol.command - Execution of command with request id 9 completed successfully in 35.00 ms on connection [connectionId{localValue:3, serverValue:177}] to server localhost:27017
18:44:11.246 [http-nio-8081-exec-1] ERROR c.e.jourmalApp.service.UserService - hahhahhahahaha
18:44:11.247 [http-nio-8081-exec-1] WARN  c.e.jourmalApp.service.UserService - hahhahhahahaha
18:44:11.250 [http-nio-8081-exec-1] INFO  c.e.jourmalApp.service.UserService - hahhahhahahaha
18:44:11.250 [http-nio-8081-exec-1] DEBUG c.e.jourmalApp.service.UserService - hahhahhahahaha
18:44:11.305 [http-nio-8081-exec-1] DEBUG o.s.w.s.m.m.a.RequestResponseBodyMethodProcessor - Using 'application/json', given [*/*] and supported [application/json, application/*+json, application/json, application/*+json]
18:44:11.305 [http-nio-8081-exec-1] DEBUG o.s.w.s.m.m.a.RequestResponseBodyMethodProcessor - Nothing to write: null body
18:44:11.306 [http-nio-8081-exec-1] DEBUG o.s.web.servlet.DispatcherServlet - Completed 200 OK
18:44:11.310 [http-nio-8081-exec-1] DEBUG o.s.s.w.c.SecurityContextPersistenceFilter - Cleared SecurityContextHolder to complete request
18:44:15.896 [cluster-ClusterId{value='6903647f88b86d6f27ad4de4', description='null'}-localhost:27017] DEBUG org.mongodb.driver.cluster - Updating cluster description to  {type=STANDALONE, servers=[{address=localhost:27017, type=STANDALONE, roundTripTime=65.4 ms, state=CONNECTED}]
18:44:15.897 [cluster-ClusterId{value='6903647f88b86d6f27ad4de4', description='null'}-localhost:27017] DEBUG org.mongodb.driver.cluster - Checking status of localhost:27017
18:44:15.911 [cluster-rtt-ClusterId{value='6903647f88b86d6f27ad4de4', description='null'}-localhost:27017] DEBUG org.mongodb.driver.protocol.command - Sending command '{"hello": 1, "$db": "admin", "$readPreference": {"mode": "primaryPreferred"}}' with request id 10 to database admin on connection [connectionId{localValue:1, serverValue:176}] to server localhost:27017
18:44:15.912 [cluster-rtt-ClusterId{value='6903647f88b86d6f27ad4de4', description='null'}-localhost:27017] DEBUG org.mongodb.driver.protocol.command - Execution of command with request id 10 completed successfully in 1.66 ms on connection [connectionId{localValue:1, serverValue:176}] to server localhost:27017
18:44:25.899 [cluster-ClusterId{value='6903647f88b86d6f27ad4de4', description='null'}-localhost:27017] DEBUG org.mongodb.driver.cluster - Updating cluster description to  {type=STANDALONE, servers=[{address=localhost:27017, type=STANDALONE, roundTripTime=52.9 ms, state=CONNECTED}]
18:44:25.900 [cluster-ClusterId{value='6903647f88b86d6f27ad4de4', description='null'}-localhost:27017] DEBUG org.mongodb.driver.cluster - Checking status of localhost:27017
18:44:25.917 [cluster-rtt-ClusterId{value='6903647f88b86d6f27ad4de4', description='null'}-localhost:27017] DEBUG org.mongodb.driver.protocol.command - Sending command '{"hello": 1, "$db": "admin", "$readPreference": {"mode": "primaryPreferred"}}' with request id 11 to database admin on connection [connectionId{localValue:1, serverValue:176}] to server localhost:27017
18:44:25.918 [cluster-rtt-ClusterId{value='6903647f88b86d6f27ad4de4', description='null'}-localhost:27017] DEBUG org.mongodb.driver.protocol.command - Execution of command with request id 11 completed successfully in 1.59 ms on connection [connectionId{localValue:1, serverValue:176}] to server localhost:27017
18:44:35.886 [MaintenanceTimer-2-thread-1] DEBUG org.mongodb.driver.connection - Pruning pooled connections to localhost:27017
18:44:35.899 [cluster-ClusterId{value='6903647f88b86d6f27ad4de4', description='null'}-localhost:27017] DEBUG org.mongodb.driver.cluster - Updating cluster description to  {type=STANDALONE, servers=[{address=localhost:27017, type=STANDALONE, roundTripTime=42.9 ms, state=CONNECTED}]
18:44:35.900 [cluster-ClusterId{value='6903647f88b86d6f27ad4de4', description='null'}-localhost:27017] DEBUG org.mongodb.driver.cluster - Checking status of localhost:27017
18:44:35.933 [cluster-rtt-ClusterId{value='6903647f88b86d6f27ad4de4', description='null'}-localhost:27017] DEBUG org.mongodb.driver.protocol.command - Sending command '{"hello": 1, "$db": "admin", "$readPreference": {"mode": "primaryPreferred"}}' with request id 12 to database admin on connection [connectionId{localValue:1, serverValue:176}] to server localhost:27017
18:44:35.934 [cluster-rtt-ClusterId{value='6903647f88b86d6f27ad4de4', description='null'}-localhost:27017] DEBUG org.mongodb.driver.protocol.command - Execution of command with request id 12 completed successfully in 1.76 ms on connection [connectionId{localValue:1, serverValue:176}] to server localhost:27017
18:44:45.904 [cluster-ClusterId{value='6903647f88b86d6f27ad4de4', description='null'}-localhost:27017] DEBUG org.mongodb.driver.cluster - Updating cluster description to  {type=STANDALONE, servers=[{address=localhost:27017, type=STANDALONE, roundTripTime=35.0 ms, state=CONNECTED}]
18:44:45.911 [cluster-ClusterId{value='6903647f88b86d6f27ad4de4', description='null'}-localhost:27017] DEBUG org.mongodb.driver.cluster - Checking status of localhost:27017
18:44:45.943 [cluster-rtt-ClusterId{value='6903647f88b86d6f27ad4de4', description='null'}-localhost:27017] DEBUG org.mongodb.driver.protocol.command - Sending command '{"hello": 1, "$db": "admin", "$readPreference": {"mode": "primaryPreferred"}}' with request id 13 to database admin on connection [connectionId{localValue:1, serverValue:176}] to server localhost:27017
18:44:45.944 [cluster-rtt-ClusterId{value='6903647f88b86d6f27ad4de4', description='null'}-localhost:27017] DEBUG org.mongodb.driver.protocol.command - Execution of command with request id 13 completed successfully in 1.46 ms on connection [connectionId{localValue:1, serverValue:176}] to server localhost:27017
18:44:55.905 [cluster-ClusterId{value='6903647f88b86d6f27ad4de4', description='null'}-localhost:27017] DEBUG org.mongodb.driver.cluster - Updating cluster description to  {type=STANDALONE, servers=[{address=localhost:27017, type=STANDALONE, roundTripTime=28.5 ms, state=CONNECTED}]
18:44:55.906 [cluster-ClusterId{value='6903647f88b86d6f27ad4de4', description='null'}-localhost:27017] DEBUG org.mongodb.driver.cluster - Checking status of localhost:27017
18:44:55.958 [cluster-rtt-ClusterId{value='6903647f88b86d6f27ad4de4', description='null'}-localhost:27017] DEBUG org.mongodb.driver.protocol.command - Sending command '{"hello": 1, "$db": "admin", "$readPreference": {"mode": "primaryPreferred"}}' with request id 14 to database admin on connection [connectionId{localValue:1, serverValue:176}] to server localhost:27017
18:44:55.975 [cluster-rtt-ClusterId{value='6903647f88b86d6f27ad4de4', description='null'}-localhost:27017] DEBUG org.mongodb.driver.protocol.command - Execution of command with request id 14 completed successfully in 1.37 ms on connection [connectionId{localValue:1, serverValue:176}] to server localhost:27017
