18:46:05.290 [cluster-rtt-ClusterId{value='6903650b078ff87eb8785ec4', description='null'}-localhost:27017] DEBUG org.mongodb.driver.protocol.command - Sending command '{"hello": 1, "$db": "admin", "$readPreference": {"mode": "primaryPreferred"}}' with request id 6 to database admin on connection [connectionId{localValue:2, serverValue:179}] to server localhost:27017
18:46:05.305 [cluster-rtt-ClusterId{value='6903650b078ff87eb8785ec4', description='null'}-localhost:27017] DEBUG org.mongodb.driver.protocol.command - Execution of command with request id 6 completed successfully in 14.03 ms on connection [connectionId{localValue:2, serverValue:179}] to server localhost:27017
18:46:05.362 [cluster-ClusterId{value='6903650b078ff87eb8785ec4', description='null'}-localhost:27017] DEBUG org.mongodb.driver.cluster - Updating cluster description to  {type=STANDALONE, servers=[{address=localhost:27017, type=STANDALONE, roundTripTime=45.5 ms, state=CONNECTED}]
18:46:05.362 [cluster-ClusterId{value='6903650b078ff87eb8785ec4', description='null'}-localhost:27017] DEBUG org.mongodb.driver.cluster - Checking status of localhost:27017
18:46:15.320 [cluster-rtt-ClusterId{value='6903650b078ff87eb8785ec4', description='null'}-localhost:27017] DEBUG org.mongodb.driver.protocol.command - Sending command '{"hello": 1, "$db": "admin", "$readPreference": {"mode": "primaryPreferred"}}' with request id 7 to database admin on connection [connectionId{localValue:2, serverValue:179}] to server localhost:27017
18:46:15.321 [cluster-rtt-ClusterId{value='6903650b078ff87eb8785ec4', description='null'}-localhost:27017] DEBUG org.mongodb.driver.protocol.command - Execution of command with request id 7 completed successfully in 1.98 ms on connection [connectionId{localValue:2, serverValue:179}] to server localhost:27017
18:46:15.362 [cluster-ClusterId{value='6903650b078ff87eb8785ec4', description='null'}-localhost:27017] DEBUG org.mongodb.driver.cluster - Updating cluster description to  {type=STANDALONE, servers=[{address=localhost:27017, type=STANDALONE, roundTripTime=37.0 ms, state=CONNECTED}]
18:46:15.363 [cluster-ClusterId{value='6903650b078ff87eb8785ec4', description='null'}-localhost:27017] DEBUG org.mongodb.driver.cluster - Checking status of localhost:27017
18:46:25.325 [cluster-rtt-ClusterId{value='6903650b078ff87eb8785ec4', description='null'}-localhost:27017] DEBUG org.mongodb.driver.protocol.command - Sending command '{"hello": 1, "$db": "admin", "$readPreference": {"mode": "primaryPreferred"}}' with request id 8 to database admin on connection [connectionId{localValue:2, serverValue:179}] to server localhost:27017
18:46:25.326 [cluster-rtt-ClusterId{value='6903650b078ff87eb8785ec4', description='null'}-localhost:27017] DEBUG org.mongodb.driver.protocol.command - Execution of command with request id 8 completed successfully in 1.79 ms on connection [connectionId{localValue:2, serverValue:179}] to server localhost:27017
18:46:25.363 [cluster-ClusterId{value='6903650b078ff87eb8785ec4', description='null'}-localhost:27017] DEBUG org.mongodb.driver.cluster - Updating cluster description to  {type=STANDALONE, servers=[{address=localhost:27017, type=STANDALONE, roundTripTime=30.2 ms, state=CONNECTED}]
18:46:25.363 [cluster-ClusterId{value='6903650b078ff87eb8785ec4', description='null'}-localhost:27017] DEBUG org.mongodb.driver.cluster - Checking status of localhost:27017
18:46:35.337 [cluster-rtt-ClusterId{value='6903650b078ff87eb8785ec4', description='null'}-localhost:27017] DEBUG org.mongodb.driver.protocol.command - Sending command '{"hello": 1, "$db": "admin", "$readPreference": {"mode": "primaryPreferred"}}' with request id 9 to database admin on connection [connectionId{localValue:2, serverValue:179}] to server localhost:27017
18:46:35.339 [cluster-rtt-ClusterId{value='6903650b078ff87eb8785ec4', description='null'}-localhost:27017] DEBUG org.mongodb.driver.protocol.command - Execution of command with request id 9 completed successfully in 2.08 ms on connection [connectionId{localValue:2, serverValue:179}] to server localhost:27017
18:46:35.363 [cluster-ClusterId{value='6903650b078ff87eb8785ec4', description='null'}-localhost:27017] DEBUG org.mongodb.driver.cluster - Updating cluster description to  {type=STANDALONE, servers=[{address=localhost:27017, type=STANDALONE, roundTripTime=24.9 ms, state=CONNECTED}]
18:46:35.363 [cluster-ClusterId{value='6903650b078ff87eb8785ec4', description='null'}-localhost:27017] DEBUG org.mongodb.driver.cluster - Checking status of localhost:27017
18:46:45.350 [cluster-rtt-ClusterId{value='6903650b078ff87eb8785ec4', description='null'}-localhost:27017] DEBUG org.mongodb.driver.protocol.command - Sending command '{"hello": 1, "$db": "admin", "$readPreference": {"mode": "primaryPreferred"}}' with request id 10 to database admin on connection [connectionId{localValue:2, serverValue:179}] to server localhost:27017
18:46:45.351 [cluster-rtt-ClusterId{value='6903650b078ff87eb8785ec4', description='null'}-localhost:27017] DEBUG org.mongodb.driver.protocol.command - Execution of command with request id 10 completed successfully in 1.64 ms on connection [connectionId{localValue:2, serverValue:179}] to server localhost:27017
18:46:45.364 [cluster-ClusterId{value='6903650b078ff87eb8785ec4', description='null'}-localhost:27017] DEBUG org.mongodb.driver.cluster - Updating cluster description to  {type=STANDALONE, servers=[{address=localhost:27017, type=STANDALONE, roundTripTime=20.5 ms, state=CONNECTED}]
18:46:45.364 [cluster-ClusterId{value='6903650b078ff87eb8785ec4', description='null'}-localhost:27017] DEBUG org.mongodb.driver.cluster - Checking status of localhost:27017
18:46:55.287 [MaintenanceTimer-2-thread-1] DEBUG org.mongodb.driver.connection - Pruning pooled connections to localhost:27017
18:46:55.364 [cluster-rtt-ClusterId{value='6903650b078ff87eb8785ec4', description='null'}-localhost:27017] DEBUG org.mongodb.driver.protocol.command - Sending command '{"hello": 1, "$db": "admin", "$readPreference": {"mode": "primaryPreferred"}}' with request id 11 to database admin on connection [connectionId{localValue:2, serverValue:179}] to server localhost:27017
18:46:55.365 [cluster-rtt-ClusterId{value='6903650b078ff87eb8785ec4', description='null'}-localhost:27017] DEBUG org.mongodb.driver.protocol.command - Execution of command with request id 11 completed successfully in 1.73 ms on connection [connectionId{localValue:2, serverValue:179}] to server localhost:27017
18:46:55.366 [cluster-ClusterId{value='6903650b078ff87eb8785ec4', description='null'}-localhost:27017] DEBUG org.mongodb.driver.cluster - Updating cluster description to  {type=STANDALONE, servers=[{address=localhost:27017, type=STANDALONE, roundTripTime=20.5 ms, state=CONNECTED}]
18:46:55.366 [cluster-ClusterId{value='6903650b078ff87eb8785ec4', description='null'}-localhost:27017] DEBUG org.mongodb.driver.cluster - Checking status of localhost:27017
18:46:55.761 [SpringApplicationShutdownHook] DEBUG o.s.b.a.ApplicationAvailabilityBean - Application availability state ReadinessState changed from ACCEPTING_TRAFFIC to REFUSING_TRAFFIC
18:46:55.762 [SpringApplicationShutdownHook] DEBUG o.s.b.w.s.c.AnnotationConfigServletWebServerApplicationContext - Closing org.springframework.boot.web.servlet.context.AnnotationConfigServletWebServerApplicationContext@7776ab, started on Thu Oct 30 18:45:49 IST 2025
18:46:55.767 [SpringApplicationShutdownHook] DEBUG o.s.c.s.DefaultLifecycleProcessor - Stopping beans in phase 2147483647
18:46:55.770 [SpringApplicationShutdownHook] DEBUG o.s.c.s.DefaultLifecycleProcessor - Bean 'webServerGracefulShutdown' completed its stop procedure
18:46:55.770 [SpringApplicationShutdownHook] DEBUG o.s.c.s.DefaultLifecycleProcessor - Stopping beans in phase 2147483646
18:46:55.816 [SpringApplicationShutdownHook] DEBUG o.s.c.s.DefaultLifecycleProcessor - Bean 'webServerStartStop' completed its stop procedure
18:46:55.817 [SpringApplicationShutdownHook] DEBUG o.s.c.s.DefaultLifecycleProcessor - Stopping beans in phase -2147483647
18:46:55.818 [SpringApplicationShutdownHook] DEBUG o.s.c.s.DefaultLifecycleProcessor - Bean 'springBootLoggingLifecycle' completed its stop procedure
18:46:55.820 [SpringApplicationShutdownHook] DEBUG o.s.s.c.ThreadPoolTaskExecutor - Shutting down ExecutorService 'applicationTaskExecutor'
18:46:55.824 [SpringApplicationShutdownHook] DEBUG org.mongodb.driver.protocol.command - Sending command '{"endSessions": [{"id": {"$binary": {"base64": "nyxB0RoEQoeaqNSnsF0r7w==", "subType": "04"}}}], "$db": "admin", "$readPreference": {"mode": "primaryPreferred"}}' with request id 12 to database admin on connection [connectionId{localValue:3, serverValue:180}] to server localhost:27017
18:46:55.827 [SpringApplicationShutdownHook] DEBUG org.mongodb.driver.protocol.command - Execution of command with request id 12 completed successfully in 2.89 ms on connection [connectionId{localValue:3, serverValue:180}] to server localhost:27017
18:46:55.830 [SpringApplicationShutdownHook] DEBUG org.mongodb.driver.connection - Closed connection [connectionId{localValue:3, serverValue:180}] to localhost:27017 because the pool has been closed.
18:46:55.830 [SpringApplicationShutdownHook] DEBUG org.mongodb.driver.connection - Closing connection connectionId{localValue:3, serverValue:180}
18:46:55.831 [SpringApplicationShutdownHook] DEBUG org.mongodb.driver.connection - Closing connection connectionId{localValue:1, serverValue:178}
18:46:55.832 [SpringApplicationShutdownHook] DEBUG org.mongodb.driver.connection - Closing connection connectionId{localValue:2, serverValue:179}
